Arguments: 
  /usr/local/Cellar/node/9.9.0/bin/node /usr/local/Cellar/yarn/1.5.1_1/libexec/bin/yarn.js test

PATH: 
  /Users/gaoge/.cargo/bin:/usr/local/bin:/usr/bin:/bin:/usr/sbin:/sbin:/Library/TeX/texbin:/Applications/Wireshark.app/Contents/MacOS:/Users/gaoge/.cargo/bin:/usr/local/opt/fzf/bin

Yarn version: 
  1.5.1

Node version: 
  9.9.0

Platform: 
  darwin x64

npm manifest: 
  {
    "name": "paradox",
    "version": "1.0.0",
    "scripts": {
      "build": "npx tsc",
      "test": "node dist/index.js"
    },
    "devDependencies": {
      "@types/fs-extra": "^5.0.1",
      "@types/node-fetch": "^1.6.7",
      "@types/semver": "^5.5.0",
      "@types/tar-fs": "^1.16.0",
      "typescript": "^2.7.2"
    },
    "dependencies": {
      "fs-extra": "^5.0.0",
      "gunzip-maybe": "^1.4.1",
      "node-fetch": "^2.1.1",
      "semver": "^5.5.0",
      "tar-fs": "^1.16.0",
      "tar-stream": "^1.5.5"
    }
  }

yarn manifest: 
  No manifest

Lockfile: 
  # THIS IS AN AUTOGENERATED FILE. DO NOT EDIT THIS FILE DIRECTLY.
  # yarn lockfile v1
  
  
  "@types/fs-extra@^5.0.1":
    version "5.0.1"
    resolved "http://registry.npm.taobao.org/@types/fs-extra/download/@types/fs-extra-5.0.1.tgz#cd856fbbdd6af2c11f26f8928fd8644c9e9616c9"
    dependencies:
      "@types/node" "*"
  
  "@types/node-fetch@^1.6.7":
    version "1.6.7"
    resolved "http://registry.npm.taobao.org/@types/node-fetch/download/@types/node-fetch-1.6.7.tgz#521078e8f0c69a158e5022005aca92d2620f6d57"
    dependencies:
      "@types/node" "*"
  
  "@types/node@*":
    version "9.4.7"
    resolved "http://registry.npm.taobao.org/@types/node/download/@types/node-9.4.7.tgz#57d81cd98719df2c9de118f2d5f3b1120dcd7275"
  
  "@types/semver@^5.5.0":
    version "5.5.0"
    resolved "http://registry.npm.taobao.org/@types/semver/download/@types/semver-5.5.0.tgz#146c2a29ee7d3bae4bf2fcb274636e264c813c45"
  
  "@types/tar-fs@^1.16.0":
    version "1.16.0"
    resolved "http://registry.npm.taobao.org/@types/tar-fs/download/@types/tar-fs-1.16.0.tgz#1d9d17204c015fc06fc54be1c5cb7e61f9350907"
    dependencies:
      "@types/node" "*"
  
  bl@^1.0.0:
    version "1.2.1"
    resolved "http://registry.npm.taobao.org/bl/download/bl-1.2.1.tgz#cac328f7bee45730d404b692203fcb590e172d5e"
    dependencies:
      readable-stream "^2.0.5"
  
  browserify-zlib@^0.1.4:
    version "0.1.4"
    resolved "http://registry.npm.taobao.org/browserify-zlib/download/browserify-zlib-0.1.4.tgz#bb35f8a519f600e0fa6b8485241c979d0141fb2d"
    dependencies:
      pako "~0.2.0"
  
  chownr@^1.0.1:
    version "1.0.1"
    resolved "http://registry.npm.taobao.org/chownr/download/chownr-1.0.1.tgz#e2a75042a9551908bebd25b8523d5f9769d79181"
  
  core-util-is@~1.0.0:
    version "1.0.2"
    resolved "http://registry.npm.taobao.org/core-util-is/download/core-util-is-1.0.2.tgz#b5fd54220aa2bc5ab57aab7140c940754503c1a7"
  
  duplexify@^3.5.0, duplexify@^3.5.3:
    version "3.5.4"
    resolved "http://registry.npm.taobao.org/duplexify/download/duplexify-3.5.4.tgz#4bb46c1796eabebeec4ca9a2e66b808cb7a3d8b4"
    dependencies:
      end-of-stream "^1.0.0"
      inherits "^2.0.1"
      readable-stream "^2.0.0"
      stream-shift "^1.0.0"
  
  end-of-stream@^1.0.0, end-of-stream@^1.1.0:
    version "1.4.1"
    resolved "http://registry.npm.taobao.org/end-of-stream/download/end-of-stream-1.4.1.tgz#ed29634d19baba463b6ce6b80a37213eab71ec43"
    dependencies:
      once "^1.4.0"
  
  fs-extra@^5.0.0:
    version "5.0.0"
    resolved "http://registry.npm.taobao.org/fs-extra/download/fs-extra-5.0.0.tgz#414d0110cdd06705734d055652c5411260c31abd"
    dependencies:
      graceful-fs "^4.1.2"
      jsonfile "^4.0.0"
      universalify "^0.1.0"
  
  graceful-fs@^4.1.2, graceful-fs@^4.1.6:
    version "4.1.11"
    resolved "http://registry.npm.taobao.org/graceful-fs/download/graceful-fs-4.1.11.tgz#0e8bdfe4d1ddb8854d64e04ea7c00e2a026e5658"
  
  gunzip-maybe@^1.4.1:
    version "1.4.1"
    resolved "http://registry.npm.taobao.org/gunzip-maybe/download/gunzip-maybe-1.4.1.tgz#39c72ed89d1b49ba708e18776500488902a52027"
    dependencies:
      browserify-zlib "^0.1.4"
      is-deflate "^1.0.0"
      is-gzip "^1.0.0"
      peek-stream "^1.1.0"
      pumpify "^1.3.3"
      through2 "^2.0.3"
  
  inherits@^2.0.1, inherits@^2.0.3, inherits@~2.0.3:
    version "2.0.3"
    resolved "http://registry.npm.taobao.org/inherits/download/inherits-2.0.3.tgz#633c2c83e3da42a502f52466022480f4208261de"
  
  is-deflate@^1.0.0:
    version "1.0.0"
    resolved "http://registry.npm.taobao.org/is-deflate/download/is-deflate-1.0.0.tgz#c862901c3c161fb09dac7cdc7e784f80e98f2f14"
  
  is-gzip@^1.0.0:
    version "1.0.0"
    resolved "http://registry.npm.taobao.org/is-gzip/download/is-gzip-1.0.0.tgz#6ca8b07b99c77998025900e555ced8ed80879a83"
  
  isarray@~1.0.0:
    version "1.0.0"
    resolved "http://registry.npm.taobao.org/isarray/download/isarray-1.0.0.tgz#bb935d48582cba168c06834957a54a3e07124f11"
  
  jsonfile@^4.0.0:
    version "4.0.0"
    resolved "http://registry.npm.taobao.org/jsonfile/download/jsonfile-4.0.0.tgz#8771aae0799b64076b76640fca058f9c10e33ecb"
    optionalDependencies:
      graceful-fs "^4.1.6"
  
  minimist@0.0.8:
    version "0.0.8"
    resolved "http://registry.npm.taobao.org/minimist/download/minimist-0.0.8.tgz#857fcabfc3397d2625b8228262e86aa7a011b05d"
  
  mkdirp@^0.5.1:
    version "0.5.1"
    resolved "http://registry.npm.taobao.org/mkdirp/download/mkdirp-0.5.1.tgz#30057438eac6cf7f8c4767f38648d6697d75c903"
    dependencies:
      minimist "0.0.8"
  
  node-fetch@^2.1.1:
    version "2.1.1"
    resolved "http://registry.npm.taobao.org/node-fetch/download/node-fetch-2.1.1.tgz#369ca70b82f50c86496104a6c776d274f4e4a2d4"
  
  once@^1.3.1, once@^1.4.0:
    version "1.4.0"
    resolved "http://registry.npm.taobao.org/once/download/once-1.4.0.tgz#583b1aa775961d4b113ac17d9c50baef9dd76bd1"
    dependencies:
      wrappy "1"
  
  pako@~0.2.0:
    version "0.2.9"
    resolved "http://registry.npm.taobao.org/pako/download/pako-0.2.9.tgz#f3f7522f4ef782348da8161bad9ecfd51bf83a75"
  
  peek-stream@^1.1.0:
    version "1.1.2"
    resolved "http://registry.npm.taobao.org/peek-stream/download/peek-stream-1.1.2.tgz#97eb76365bcfd8c89e287f55c8b69d4c3e9bcc52"
    dependencies:
      duplexify "^3.5.0"
      through2 "^2.0.3"
  
  process-nextick-args@~2.0.0:
    version "2.0.0"
    resolved "http://registry.npm.taobao.org/process-nextick-args/download/process-nextick-args-2.0.0.tgz#a37d732f4271b4ab1ad070d35508e8290788ffaa"
  
  pump@^1.0.0:
    version "1.0.3"
    resolved "http://registry.npm.taobao.org/pump/download/pump-1.0.3.tgz#5dfe8311c33bbf6fc18261f9f34702c47c08a954"
    dependencies:
      end-of-stream "^1.1.0"
      once "^1.3.1"
  
  pump@^2.0.0:
    version "2.0.1"
    resolved "http://registry.npm.taobao.org/pump/download/pump-2.0.1.tgz#12399add6e4cf7526d973cbc8b5ce2e2908b3909"
    dependencies:
      end-of-stream "^1.1.0"
      once "^1.3.1"
  
  pumpify@^1.3.3:
    version "1.4.0"
    resolved "http://registry.npm.taobao.org/pumpify/download/pumpify-1.4.0.tgz#80b7c5df7e24153d03f0e7ac8a05a5d068bd07fb"
    dependencies:
      duplexify "^3.5.3"
      inherits "^2.0.3"
      pump "^2.0.0"
  
  readable-stream@^2.0.0, readable-stream@^2.0.5, readable-stream@^2.1.5:
    version "2.3.5"
    resolved "http://registry.npm.taobao.org/readable-stream/download/readable-stream-2.3.5.tgz#b4f85003a938cbb6ecbce2a124fb1012bd1a838d"
    dependencies:
      core-util-is "~1.0.0"
      inherits "~2.0.3"
      isarray "~1.0.0"
      process-nextick-args "~2.0.0"
      safe-buffer "~5.1.1"
      string_decoder "~1.0.3"
      util-deprecate "~1.0.1"
  
  safe-buffer@~5.1.0, safe-buffer@~5.1.1:
    version "5.1.1"
    resolved "http://registry.npm.taobao.org/safe-buffer/download/safe-buffer-5.1.1.tgz#893312af69b2123def71f57889001671eeb2c853"
  
  semver@^5.5.0:
    version "5.5.0"
    resolved "http://registry.npm.taobao.org/semver/download/semver-5.5.0.tgz#dc4bbc7a6ca9d916dee5d43516f0092b58f7b8ab"
  
  stream-shift@^1.0.0:
    version "1.0.0"
    resolved "http://registry.npm.taobao.org/stream-shift/download/stream-shift-1.0.0.tgz#d5c752825e5367e786f78e18e445ea223a155952"
  
  string_decoder@~1.0.3:
    version "1.0.3"
    resolved "http://registry.npm.taobao.org/string_decoder/download/string_decoder-1.0.3.tgz#0fc67d7c141825de94282dd536bec6b9bce860ab"
    dependencies:
      safe-buffer "~5.1.0"
  
  tar-fs@^1.16.0:
    version "1.16.0"
    resolved "http://registry.npm.taobao.org/tar-fs/download/tar-fs-1.16.0.tgz#e877a25acbcc51d8c790da1c57c9cf439817b896"
    dependencies:
      chownr "^1.0.1"
      mkdirp "^0.5.1"
      pump "^1.0.0"
      tar-stream "^1.1.2"
  
  tar-stream@^1.1.2, tar-stream@^1.5.5:
    version "1.5.5"
    resolved "http://registry.npm.taobao.org/tar-stream/download/tar-stream-1.5.5.tgz#5cad84779f45c83b1f2508d96b09d88c7218af55"
    dependencies:
      bl "^1.0.0"
      end-of-stream "^1.0.0"
      readable-stream "^2.0.0"
      xtend "^4.0.0"
  
  through2@^2.0.3:
    version "2.0.3"
    resolved "http://registry.npm.taobao.org/through2/download/through2-2.0.3.tgz#0004569b37c7c74ba39c43f3ced78d1ad94140be"
    dependencies:
      readable-stream "^2.1.5"
      xtend "~4.0.1"
  
  typescript@^2.7.2:
    version "2.7.2"
    resolved "http://registry.npm.taobao.org/typescript/download/typescript-2.7.2.tgz#2d615a1ef4aee4f574425cdff7026edf81919836"
  
  universalify@^0.1.0:
    version "0.1.1"
    resolved "http://registry.npm.taobao.org/universalify/download/universalify-0.1.1.tgz#fa71badd4437af4c148841e3b3b165f9e9e590b7"
  
  util-deprecate@~1.0.1:
    version "1.0.2"
    resolved "http://registry.npm.taobao.org/util-deprecate/download/util-deprecate-1.0.2.tgz#450d4dc9fa70de732762fbd2d4a28981419a0ccf"
  
  wrappy@1:
    version "1.0.2"
    resolved "http://registry.npm.taobao.org/wrappy/download/wrappy-1.0.2.tgz#b5243d8f3ec1aa35f1364605bc0d1036e30ab69f"
  
  xtend@^4.0.0, xtend@~4.0.1:
    version "4.0.1"
    resolved "http://registry.npm.taobao.org/xtend/download/xtend-4.0.1.tgz#a5c6d532be656e23db820efb943a1f04998d63af"

Trace: 
  Error: Command failed.
  Exit code: 1
  Command: sh
  Arguments: -c node dist/index.js
  Directory: /Users/gaoge/Development/paradox
  Output:
  
      at ProcessTermError.MessageError (/usr/local/Cellar/yarn/1.5.1_1/libexec/lib/cli.js:186:110)
      at new ProcessTermError (/usr/local/Cellar/yarn/1.5.1_1/libexec/lib/cli.js:226:113)
      at ChildProcess.<anonymous> (/usr/local/Cellar/yarn/1.5.1_1/libexec/lib/cli.js:30281:17)
      at ChildProcess.emit (events.js:180:13)
      at maybeClose (internal/child_process.js:936:16)
      at Process.ChildProcess._handle.onexit (internal/child_process.js:220:5)
